mode: set
gotest/encrypt.go:84.44,93.16 4 0
gotest/encrypt.go:97.2,98.16 2 0
gotest/encrypt.go:102.2,102.28 1 0
gotest/encrypt.go:93.16,96.3 2 0
gotest/encrypt.go:98.16,100.3 1 0
gotest/encrypt.go:105.83,109.79 4 0
gotest/encrypt.go:132.2,132.16 1 0
gotest/encrypt.go:135.2,139.16 4 0
gotest/encrypt.go:142.2,142.29 1 0
gotest/encrypt.go:109.79,110.15 1 0
gotest/encrypt.go:113.3,113.16 1 0
gotest/encrypt.go:116.3,117.17 2 0
gotest/encrypt.go:120.3,129.13 5 0
gotest/encrypt.go:110.15,112.4 1 0
gotest/encrypt.go:113.16,115.4 1 0
gotest/encrypt.go:117.17,119.4 1 0
gotest/encrypt.go:132.16,134.3 1 0
gotest/encrypt.go:139.16,141.3 1 0
gotest/encrypt.go:145.60,149.2 3 0
gotest/encrypt.go:151.66,153.16 2 0
gotest/encrypt.go:156.2,161.21 6 0
gotest/encrypt.go:153.16,155.3 1 0
gotest/encrypt.go:164.50,172.2 5 0
gotest/encrypt.go:174.54,180.37 3 0
gotest/encrypt.go:188.2,192.16 3 0
gotest/encrypt.go:196.2,198.28 2 0
gotest/encrypt.go:180.37,185.3 4 0
gotest/encrypt.go:192.16,194.3 1 0
gotest/encrypt.go:201.47,204.18 2 1
gotest/encrypt.go:208.2,209.16 2 1
gotest/encrypt.go:213.2,217.16 4 1
gotest/encrypt.go:220.2,220.18 1 1
gotest/encrypt.go:204.18,206.3 1 0
gotest/encrypt.go:209.16,211.3 1 0
gotest/encrypt.go:217.16,219.3 1 0
gotest/encrypt.go:224.55,242.16 13 0
gotest/encrypt.go:246.2,249.25 2 0
gotest/encrypt.go:242.16,244.3 1 0
gotest/encrypt.go:252.54,255.16 2 0
gotest/encrypt.go:259.2,261.12 3 0
gotest/encrypt.go:255.16,257.3 1 0
gotest/encrypt.go:265.44,269.18 2 0
gotest/encrypt.go:273.2,274.16 2 0
gotest/encrypt.go:279.2,281.16 2 0
gotest/encrypt.go:284.2,284.53 1 0
gotest/encrypt.go:269.18,271.3 1 0
gotest/encrypt.go:274.16,276.3 1 0
gotest/encrypt.go:281.16,283.3 1 0
gotest/encrypt.go:287.98,288.22 1 0
gotest/encrypt.go:291.2,291.16 1 0
gotest/encrypt.go:296.2,306.16 3 0
gotest/encrypt.go:311.2,312.16 2 0
gotest/encrypt.go:317.2,318.16 2 0
gotest/encrypt.go:323.2,333.16 8 0
gotest/encrypt.go:336.2,340.8 1 0
gotest/encrypt.go:288.22,290.3 1 0
gotest/encrypt.go:291.16,293.3 1 0
gotest/encrypt.go:306.16,308.3 1 0
gotest/encrypt.go:312.16,314.3 1 0
gotest/encrypt.go:318.16,320.3 1 0
gotest/encrypt.go:333.16,335.3 1 0
